Collecting poetry==1.6.1
  Obtaining dependency information for poetry==1.6.1 from https://files.pythonhosted.org/packages/7d/25/f3bfda3c458d114005af99441d009936b85a34a730aeb9cf57fb2630d9f7/poetry-1.6.1-py3-none-any.whl.metadata
  Using cached poetry-1.6.1-py3-none-any.whl.metadata (6.8 kB)
Collecting build<0.11.0,>=0.10.0 (from poetry==1.6.1)
  Using cached build-0.10.0-py3-none-any.whl (17 kB)
Collecting cachecontrol[filecache]<0.14.0,>=0.13.0 (from poetry==1.6.1)
  Obtaining dependency information for cachecontrol[filecache]<0.14.0,>=0.13.0 from https://files.pythonhosted.org/packages/1d/e3/a22348e6226dcd585d5a4b5f0175b3a16dabfd3912cbeb02f321d00e56c7/cachecontrol-0.13.1-py3-none-any.whl.metadata
  Using cached cachecontrol-0.13.1-py3-none-any.whl.metadata (3.0 kB)
Collecting cleo<3.0.0,>=2.0.0 (from poetry==1.6.1)
  Using cached cleo-2.0.1-py3-none-any.whl (77 kB)
Collecting crashtest<0.5.0,>=0.4.1 (from poetry==1.6.1)
  Using cached crashtest-0.4.1-py3-none-any.whl (7.6 kB)
Collecting dulwich<0.22.0,>=0.21.2 (from poetry==1.6.1)
  Obtaining dependency information for dulwich<0.22.0,>=0.21.2 from https://files.pythonhosted.org/packages/d2/85/8c71f5a227cacea450b4a199aae095946a71341ac9da84d304f9376d7791/dulwich-0.21.6-cp310-cp310-manylinux_2_17_x86_64.manylinux2014_x86_64.whl.metadata
  Using cached dulwich-0.21.6-cp310-cp310-manylinux_2_17_x86_64.manylinux2014_x86_64.whl.metadata (4.3 kB)
Collecting installer<0.8.0,>=0.7.0 (from poetry==1.6.1)
  Using cached installer-0.7.0-py3-none-any.whl (453 kB)
Collecting jsonschema<4.18.0,>=4.10.0 (from poetry==1.6.1)
  Using cached jsonschema-4.17.3-py3-none-any.whl (90 kB)
Collecting keyring<25.0.0,>=24.0.0 (from poetry==1.6.1)
  Obtaining dependency information for keyring<25.0.0,>=24.0.0 from https://files.pythonhosted.org/packages/0e/8f/5772801169cf62e8232721034f91f81e33b0cfa6e51d3bf6ff65c503af2a/keyring-24.2.0-py3-none-any.whl.metadata
  Using cached keyring-24.2.0-py3-none-any.whl.metadata (20 kB)
Collecting packaging>=20.4 (from poetry==1.6.1)
  Obtaining dependency information for packaging>=20.4 from https://files.pythonhosted.org/packages/ec/1a/610693ac4ee14fcdf2d9bf3c493370e4f2ef7ae2e19217d7a237ff42367d/packaging-23.2-py3-none-any.whl.metadata
  Using cached packaging-23.2-py3-none-any.whl.metadata (3.2 kB)
Collecting pexpect<5.0.0,>=4.7.0 (from poetry==1.6.1)
  Using cached pexpect-4.8.0-py2.py3-none-any.whl (59 kB)
Collecting pkginfo<2.0.0,>=1.9.4 (from poetry==1.6.1)
  Using cached pkginfo-1.9.6-py3-none-any.whl (30 kB)
Collecting platformdirs<4.0.0,>=3.0.0 (from poetry==1.6.1)
  Obtaining dependency information for platformdirs<4.0.0,>=3.0.0 from https://files.pythonhosted.org/packages/56/29/3ec311dc18804409ecf0d2b09caa976f3ae6215559306b5b530004e11156/platformdirs-3.11.0-py3-none-any.whl.metadata
  Using cached platformdirs-3.11.0-py3-none-any.whl.metadata (11 kB)
Collecting poetry-core==1.7.0 (from poetry==1.6.1)
  Obtaining dependency information for poetry-core==1.7.0 from https://files.pythonhosted.org/packages/bf/d4/ce72ac247f414d15ff046f0926b76eb42bd743e83c1df28e856f328e3db1/poetry_core-1.7.0-py3-none-any.whl.metadata
  Using cached poetry_core-1.7.0-py3-none-any.whl.metadata (3.4 kB)
Collecting poetry-plugin-export<2.0.0,>=1.5.0 (from poetry==1.6.1)
  Obtaining dependency information for poetry-plugin-export<2.0.0,>=1.5.0 from https://files.pythonhosted.org/packages/e9/12/43553a79e1d3bf8de119125dfc3e1fcc8f4258d658b603908d02efaed256/poetry_plugin_export-1.5.0-py3-none-any.whl.metadata
  Using cached poetry_plugin_export-1.5.0-py3-none-any.whl.metadata (2.7 kB)
Collecting pyproject-hooks<2.0.0,>=1.0.0 (from poetry==1.6.1)
  Using cached pyproject_hooks-1.0.0-py3-none-any.whl (9.3 kB)
Collecting requests<3.0,>=2.26 (from poetry==1.6.1)
  Obtaining dependency information for requests<3.0,>=2.26 from https://files.pythonhosted.org/packages/70/8e/0e2d847013cb52cd35b38c009bb167a1a26b2ce6cd6965bf26b47bc0bf44/requests-2.31.0-py3-none-any.whl.metadata
  Using cached requests-2.31.0-py3-none-any.whl.metadata (4.6 kB)
Collecting requests-toolbelt<2,>=0.9.1 (from poetry==1.6.1)
  Using cached requests_toolbelt-1.0.0-py2.py3-none-any.whl (54 kB)
Collecting shellingham<2.0,>=1.5 (from poetry==1.6.1)
  Obtaining dependency information for shellingham<2.0,>=1.5 from https://files.pythonhosted.org/packages/57/70/0265437683625b2e6491736706d3d679d90e2a26f6bff59f4e46e09872b9/shellingham-1.5.3-py2.py3-none-any.whl.metadata
  Using cached shellingham-1.5.3-py2.py3-none-any.whl.metadata (3.4 kB)
Collecting tomli<3.0.0,>=2.0.1 (from poetry==1.6.1)
  Using cached tomli-2.0.1-py3-none-any.whl (12 kB)
Collecting tomlkit<1.0.0,>=0.11.4 (from poetry==1.6.1)
  Obtaining dependency information for tomlkit<1.0.0,>=0.11.4 from https://files.pythonhosted.org/packages/a0/6d/808775ed618e51edaa7bbe6759e22e1c7eafe359af6e084700c6d39d3455/tomlkit-0.12.1-py3-none-any.whl.metadata
  Using cached tomlkit-0.12.1-py3-none-any.whl.metadata (2.7 kB)
Collecting trove-classifiers>=2022.5.19 (from poetry==1.6.1)
  Obtaining dependency information for trove-classifiers>=2022.5.19 from https://files.pythonhosted.org/packages/8b/65/af06975db29ea9407121b55964fb39c4e8365e65d01f8dbff29bcab02cc9/trove_classifiers-2023.9.19-py3-none-any.whl.metadata
  Using cached trove_classifiers-2023.9.19-py3-none-any.whl.metadata (2.2 kB)
Collecting virtualenv<21.0.0,>=20.22.0 (from poetry==1.6.1)
  Obtaining dependency information for virtualenv<21.0.0,>=20.22.0 from https://files.pythonhosted.org/packages/4e/8b/f0d3a468c0186c603217a6656ea4f49259630e8ed99558501d92f6ff7dc3/virtualenv-20.24.5-py3-none-any.whl.metadata
  Using cached virtualenv-20.24.5-py3-none-any.whl.metadata (4.5 kB)
Collecting msgpack>=0.5.2 (from cachecontrol[filecache]<0.14.0,>=0.13.0->poetry==1.6.1)
  Obtaining dependency information for msgpack>=0.5.2 from https://files.pythonhosted.org/packages/46/95/d0440400485eab1bf50f1efe5118967b539f3191d994c3dfc220657594cd/msgpack-1.0.7-cp310-cp310-manylinux_2_17_x86_64.manylinux2014_x86_64.whl.metadata
  Using cached msgpack-1.0.7-cp310-cp310-manylinux_2_17_x86_64.manylinux2014_x86_64.whl.metadata (9.1 kB)
Collecting filelock>=3.8.0 (from cachecontrol[filecache]<0.14.0,>=0.13.0->poetry==1.6.1)
  Obtaining dependency information for filelock>=3.8.0 from https://files.pythonhosted.org/packages/5e/5d/97afbafd9d584ff1b45fcb354a479a3609bd97f912f8f1f6c563cb1fae21/filelock-3.12.4-py3-none-any.whl.metadata
  Using cached filelock-3.12.4-py3-none-any.whl.metadata (2.8 kB)
Collecting rapidfuzz<3.0.0,>=2.2.0 (from cleo<3.0.0,>=2.0.0->poetry==1.6.1)
  Obtaining dependency information for rapidfuzz<3.0.0,>=2.2.0 from https://files.pythonhosted.org/packages/bf/38/c7ed592335963499559507f5012f81443c0f95a0c86e8fa0139fe92c1c0f/rapidfuzz-2.15.2-cp310-cp310-manylinux_2_17_x86_64.manylinux2014_x86_64.whl.metadata
  Using cached rapidfuzz-2.15.2-cp310-cp310-manylinux_2_17_x86_64.manylinux2014_x86_64.whl.metadata (9.0 kB)
Collecting urllib3>=1.25 (from dulwich<0.22.0,>=0.21.2->poetry==1.6.1)
  Obtaining dependency information for urllib3>=1.25 from https://files.pythonhosted.org/packages/26/40/9957270221b6d3e9a3b92fdfba80dd5c9661ff45a664b47edd5d00f707f5/urllib3-2.0.6-py3-none-any.whl.metadata
  Using cached urllib3-2.0.6-py3-none-any.whl.metadata (6.6 kB)
Collecting attrs>=17.4.0 (from jsonschema<4.18.0,>=4.10.0->poetry==1.6.1)
  Using cached attrs-23.1.0-py3-none-any.whl (61 kB)
Collecting pyrsistent!=0.17.0,!=0.17.1,!=0.17.2,>=0.14.0 (from jsonschema<4.18.0,>=4.10.0->poetry==1.6.1)
  Using cached pyrsistent-0.19.3-py3-none-any.whl (57 kB)
Collecting jaraco.classes (from keyring<25.0.0,>=24.0.0->poetry==1.6.1)
  Obtaining dependency information for jaraco.classes from https://files.pythonhosted.org/packages/c7/6b/1bc8fa93ea85146e08f0e0883bc579b7c7328364ed7df90b1628dcb36e10/jaraco.classes-3.3.0-py3-none-any.whl.metadata
  Using cached jaraco.classes-3.3.0-py3-none-any.whl.metadata (2.9 kB)
Collecting importlib-metadata>=4.11.4 (from keyring<25.0.0,>=24.0.0->poetry==1.6.1)
  Obtaining dependency information for importlib-metadata>=4.11.4 from https://files.pythonhosted.org/packages/cc/37/db7ba97e676af155f5fcb1a35466f446eadc9104e25b83366e8088c9c926/importlib_metadata-6.8.0-py3-none-any.whl.metadata
  Using cached importlib_metadata-6.8.0-py3-none-any.whl.metadata (5.1 kB)
Collecting SecretStorage>=3.2 (from keyring<25.0.0,>=24.0.0->poetry==1.6.1)
  Using cached SecretStorage-3.3.3-py3-none-any.whl (15 kB)
Collecting jeepney>=0.4.2 (from keyring<25.0.0,>=24.0.0->poetry==1.6.1)
  Using cached jeepney-0.8.0-py3-none-any.whl (48 kB)
Collecting ptyprocess>=0.5 (from pexpect<5.0.0,>=4.7.0->poetry==1.6.1)
  Using cached ptyprocess-0.7.0-py2.py3-none-any.whl (13 kB)
Collecting charset-normalizer<4,>=2 (from requests<3.0,>=2.26->poetry==1.6.1)
  Obtaining dependency information for charset-normalizer<4,>=2 from https://files.pythonhosted.org/packages/5d/42/9d11cb5f3326501d7e913d2581a4e3b237ef7ee3e121b2faa89c1676125b/charset_normalizer-3.3.0-cp310-cp310-manylinux_2_17_x86_64.manylinux2014_x86_64.whl.metadata
  Using cached charset_normalizer-3.3.0-cp310-cp310-manylinux_2_17_x86_64.manylinux2014_x86_64.whl.metadata (32 kB)
Collecting idna<4,>=2.5 (from requests<3.0,>=2.26->poetry==1.6.1)
  Using cached idna-3.4-py3-none-any.whl (61 kB)
Collecting certifi>=2017.4.17 (from requests<3.0,>=2.26->poetry==1.6.1)
  Obtaining dependency information for certifi>=2017.4.17 from https://files.pythonhosted.org/packages/4c/dd/2234eab22353ffc7d94e8d13177aaa050113286e93e7b40eae01fbf7c3d9/certifi-2023.7.22-py3-none-any.whl.metadata
  Using cached certifi-2023.7.22-py3-none-any.whl.metadata (2.2 kB)
Collecting distlib<1,>=0.3.7 (from virtualenv<21.0.0,>=20.22.0->poetry==1.6.1)
  Obtaining dependency information for distlib<1,>=0.3.7 from https://files.pythonhosted.org/packages/43/a0/9ba967fdbd55293bacfc1507f58e316f740a3b231fc00e3d86dc39bc185a/distlib-0.3.7-py2.py3-none-any.whl.metadata
  Using cached distlib-0.3.7-py2.py3-none-any.whl.metadata (5.1 kB)
Collecting zipp>=0.5 (from importlib-metadata>=4.11.4->keyring<25.0.0,>=24.0.0->poetry==1.6.1)
  Obtaining dependency information for zipp>=0.5 from https://files.pythonhosted.org/packages/d9/66/48866fc6b158c81cc2bfecc04c480f105c6040e8b077bc54c634b4a67926/zipp-3.17.0-py3-none-any.whl.metadata
  Using cached zipp-3.17.0-py3-none-any.whl.metadata (3.7 kB)
Collecting cryptography>=2.0 (from SecretStorage>=3.2->keyring<25.0.0,>=24.0.0->poetry==1.6.1)
  Obtaining dependency information for cryptography>=2.0 from https://files.pythonhosted.org/packages/eb/4b/f86cc66c632cf0948ca1712aadd255f624deef1cd371ea3bfd30851e188d/cryptography-41.0.4-cp37-abi3-manylinux_2_28_x86_64.whl.metadata
  Using cached cryptography-41.0.4-cp37-abi3-manylinux_2_28_x86_64.whl.metadata (5.2 kB)
Collecting more-itertools (from jaraco.classes->keyring<25.0.0,>=24.0.0->poetry==1.6.1)
  Obtaining dependency information for more-itertools from https://files.pythonhosted.org/packages/5a/cb/6dce742ea14e47d6f565589e859ad225f2a5de576d7696e0623b784e226b/more_itertools-10.1.0-py3-none-any.whl.metadata
  Using cached more_itertools-10.1.0-py3-none-any.whl.metadata (33 kB)
Collecting cffi>=1.12 (from cryptography>=2.0->SecretStorage>=3.2->keyring<25.0.0,>=24.0.0->poetry==1.6.1)
  Obtaining dependency information for cffi>=1.12 from https://files.pythonhosted.org/packages/c9/7c/43d81bdd5a915923c3bad5bb4bff401ea00ccc8e28433fb6083d2e3bf58e/cffi-1.16.0-cp310-cp310-manylinux_2_17_x86_64.manylinux2014_x86_64.whl.metadata
  Using cached cffi-1.16.0-cp310-cp310-manylinux_2_17_x86_64.manylinux2014_x86_64.whl.metadata (1.5 kB)
Collecting pycparser (from cffi>=1.12->cryptography>=2.0->SecretStorage>=3.2->keyring<25.0.0,>=24.0.0->poetry==1.6.1)
  Using cached pycparser-2.21-py2.py3-none-any.whl (118 kB)
Using cached poetry-1.6.1-py3-none-any.whl (232 kB)
Using cached poetry_core-1.7.0-py3-none-any.whl (426 kB)
Using cached dulwich-0.21.6-cp310-cp310-manylinux_2_17_x86_64.manylinux2014_x86_64.whl (512 kB)
Using cached keyring-24.2.0-py3-none-any.whl (37 kB)
Using cached packaging-23.2-py3-none-any.whl (53 kB)
Using cached platformdirs-3.11.0-py3-none-any.whl (17 kB)
Using cached poetry_plugin_export-1.5.0-py3-none-any.whl (10 kB)
Using cached requests-2.31.0-py3-none-any.whl (62 kB)
Using cached shellingham-1.5.3-py2.py3-none-any.whl (9.7 kB)
Using cached tomlkit-0.12.1-py3-none-any.whl (37 kB)
Using cached trove_classifiers-2023.9.19-py3-none-any.whl (13 kB)
Using cached virtualenv-20.24.5-py3-none-any.whl (3.7 MB)
Using cached certifi-2023.7.22-py3-none-any.whl (158 kB)
Using cached charset_normalizer-3.3.0-cp310-cp310-manylinux_2_17_x86_64.manylinux2014_x86_64.whl (138 kB)
Using cached distlib-0.3.7-py2.py3-none-any.whl (468 kB)
Using cached filelock-3.12.4-py3-none-any.whl (11 kB)
Using cached importlib_metadata-6.8.0-py3-none-any.whl (22 kB)
Using cached msgpack-1.0.7-cp310-cp310-manylinux_2_17_x86_64.manylinux2014_x86_64.whl (530 kB)
Downloading rapidfuzz-2.15.2-cp310-cp310-manylinux_2_17_x86_64.manylinux2014_x86_64.whl (3.0 MB)
   ━━━━━━━━━                                0.7/3.0 MB 8.5 kB/s eta 0:04:37
ERROR: Exception:
Traceback (most recent call last):
  File "/home/jigga/.local/share/rtx/installs/poetry/1.6.1/venv/lib/python3.10/site-packages/pip/_vendor/urllib3/response.py", line 438, in _error_catcher
    yield
  File "/home/jigga/.local/share/rtx/installs/poetry/1.6.1/venv/lib/python3.10/site-packages/pip/_vendor/urllib3/response.py", line 561, in read
    data = self._fp_read(amt) if not fp_closed else b""
  File "/home/jigga/.local/share/rtx/installs/poetry/1.6.1/venv/lib/python3.10/site-packages/pip/_vendor/urllib3/response.py", line 527, in _fp_read
    return self._fp.read(amt) if amt is not None else self._fp.read()
  File "/home/jigga/.local/share/rtx/installs/poetry/1.6.1/venv/lib/python3.10/site-packages/pip/_vendor/cachecontrol/filewrapper.py", line 90, in read
    data = self.__fp.read(amt)
  File "/home/jigga/.local/share/rtx/installs/python/3.10.0/lib/python3.10/http/client.py", line 464, in read
    s = self.fp.read(amt)
  File "/home/jigga/.local/share/rtx/installs/python/3.10.0/lib/python3.10/socket.py", line 705, in readinto
    return self._sock.recv_into(b)
  File "/home/jigga/.local/share/rtx/installs/python/3.10.0/lib/python3.10/ssl.py", line 1273, in recv_into
    return self.read(nbytes, buffer)
  File "/home/jigga/.local/share/rtx/installs/python/3.10.0/lib/python3.10/ssl.py", line 1129, in read
    return self._sslobj.read(len, buffer)
TimeoutError: The read operation timed out

During handling of the above exception, another exception occurred:

Traceback (most recent call last):
  File "/home/jigga/.local/share/rtx/installs/poetry/1.6.1/venv/lib/python3.10/site-packages/pip/_internal/cli/base_command.py", line 180, in exc_logging_wrapper
    status = run_func(*args)
  File "/home/jigga/.local/share/rtx/installs/poetry/1.6.1/venv/lib/python3.10/site-packages/pip/_internal/cli/req_command.py", line 248, in wrapper
    return func(self, options, args)
  File "/home/jigga/.local/share/rtx/installs/poetry/1.6.1/venv/lib/python3.10/site-packages/pip/_internal/commands/install.py", line 377, in run
    requirement_set = resolver.resolve(
  File "/home/jigga/.local/share/rtx/installs/poetry/1.6.1/venv/lib/python3.10/site-packages/pip/_internal/resolution/resolvelib/resolver.py", line 161, in resolve
    self.factory.preparer.prepare_linked_requirements_more(reqs)
  File "/home/jigga/.local/share/rtx/installs/poetry/1.6.1/venv/lib/python3.10/site-packages/pip/_internal/operations/prepare.py", line 565, in prepare_linked_requirements_more
    self._complete_partial_requirements(
  File "/home/jigga/.local/share/rtx/installs/poetry/1.6.1/venv/lib/python3.10/site-packages/pip/_internal/operations/prepare.py", line 479, in _complete_partial_requirements
    for link, (filepath, _) in batch_download:
  File "/home/jigga/.local/share/rtx/installs/poetry/1.6.1/venv/lib/python3.10/site-packages/pip/_internal/network/download.py", line 183, in __call__
    for chunk in chunks:
  File "/home/jigga/.local/share/rtx/installs/poetry/1.6.1/venv/lib/python3.10/site-packages/pip/_internal/cli/progress_bars.py", line 53, in _rich_progress_bar
    for chunk in iterable:
  File "/home/jigga/.local/share/rtx/installs/poetry/1.6.1/venv/lib/python3.10/site-packages/pip/_internal/network/utils.py", line 63, in response_chunks
    for chunk in response.raw.stream(
  File "/home/jigga/.local/share/rtx/installs/poetry/1.6.1/venv/lib/python3.10/site-packages/pip/_vendor/urllib3/response.py", line 622, in stream
    data = self.read(amt=amt, decode_content=decode_content)
  File "/home/jigga/.local/share/rtx/installs/poetry/1.6.1/venv/lib/python3.10/site-packages/pip/_vendor/urllib3/response.py", line 560, in read
    with self._error_catcher():
  File "/home/jigga/.local/share/rtx/installs/python/3.10.0/lib/python3.10/contextlib.py", line 153, in __exit__
    self.gen.throw(typ, value, traceback)
  File "/home/jigga/.local/share/rtx/installs/poetry/1.6.1/venv/lib/python3.10/site-packages/pip/_vendor/urllib3/response.py", line 443, in _error_catcher
    raise ReadTimeoutError(self._pool, None, "Read timed out.")
pip._vendor.urllib3.exceptions.ReadTimeoutError: HTTPSConnectionPool(host='files.pythonhosted.org', port=443): Read timed out.

Traceback:

  File "<stdin>", line 923, in main
  File "<stdin>", line 560, in run
  File "<stdin>", line 582, in install
  File "<stdin>", line 685, in install_poetry
  File "<stdin>", line 375, in pip
  File "<stdin>", line 372, in python
  File "<stdin>", line 365, in run
